<?xml version="1.0" encoding="UTF-8"?>
<!-- Generated by org.testng.reporters.JUnitReportReporter -->
<testsuite hostname="Sachin-PC" failures="0" tests="2" name="NewTest" time="186.209" errors="0" timestamp="2021-07-07T15:46:05 IST" skipped="0">
  <testcase classname="NewTest" name="verifyComposeMailFunctionality" time="137.579"/>
  <system-out/>
  <testcase classname="NewTest" name="verifyInboxFunctionality" time="48.630"/>
  <system-out/>
</testsuite> <!-- NewTest -->
